{"contracts\\SimpleSwap.sol":{"l":{"24":24,"25":23,"26":23,"53":19,"58":18,"60":17,"61":17,"62":17,"63":17,"65":17,"66":3,"67":3,"68":2,"69":2,"70":2,"72":1,"73":1,"74":1,"75":1,"78":14,"79":14,"80":14,"83":17,"84":16,"86":15,"87":15,"88":15,"90":15,"91":15,"113":5,"114":5,"115":5,"120":4,"122":3,"123":3,"124":3,"125":3,"127":3,"128":3,"130":3,"131":2,"133":1,"134":1,"135":1,"151":5,"152":4,"154":3,"155":3,"157":3,"158":3,"159":3,"161":3,"162":2,"164":1,"165":1,"171":0,"172":0,"173":0,"175":0,"177":0,"190":7,"191":6,"192":3,"199":15,"200":15,"201":15,"202":15,"203":1064,"204":1064,"207":0},"path":"C:\\Users\\Mateo\\Documents\\GitHub\\ETH Kipu\\simpleSwapFront\\contracts\\SimpleSwap.sol","s":{"1":24,"2":19,"3":18,"4":17,"5":17,"6":17,"7":17,"8":17,"9":3,"10":3,"11":2,"12":1,"13":1,"14":17,"15":16,"16":15,"17":15,"18":15,"19":15,"20":5,"21":5,"22":5,"23":4,"24":3,"25":3,"26":3,"27":3,"28":3,"29":2,"30":1,"31":1,"32":1,"33":5,"34":4,"35":3,"36":3,"37":3,"38":3,"39":3,"40":3,"41":2,"42":1,"43":1,"44":0,"45":0,"46":0,"47":0,"48":7,"49":6,"50":15,"51":15,"52":15,"53":0},"b":{"1":[23,1],"2":[18,1],"3":[17,1],"4":[3,14],"5":[2,1],"6":[2,0],"7":[1,0],"8":[16,1],"9":[15,1],"10":[14,1],"11":[4,1],"12":[3,1],"13":[2,1],"14":[1,1],"15":[4,1],"16":[3,1],"17":[1,1],"18":[0,0],"19":[6,1],"20":[3,3],"21":[15,0],"22":[0,0]},"f":{"1":24,"2":19,"3":5,"4":5,"5":0,"6":7,"7":15},"fnMap":{"1":{"name":"constructor","line":23,"loc":{"start":{"line":20,"column":4},"end":{"line":27,"column":4}}},"2":{"name":"addLiquidity","line":41,"loc":{"start":{"line":41,"column":4},"end":{"line":92,"column":4}}},"3":{"name":"removeLiquidity","line":104,"loc":{"start":{"line":104,"column":4},"end":{"line":136,"column":4}}},"4":{"name":"swapExactTokensForTokens","line":144,"loc":{"start":{"line":144,"column":4},"end":{"line":166,"column":4}}},"5":{"name":"getPrice","line":170,"loc":{"start":{"line":170,"column":4},"end":{"line":178,"column":4}}},"6":{"name":"getAmountOut","line":185,"loc":{"start":{"line":185,"column":4},"end":{"line":193,"column":4}}},"7":{"name":"sqrt","line":198,"loc":{"start":{"line":198,"column":4},"end":{"line":209,"column":4}}}},"statementMap":{"1":{"start":{"line":24,"column":8},"end":{"line":24,"column":54}},"2":{"start":{"line":53,"column":8},"end":{"line":53,"column":2076}},"3":{"start":{"line":58,"column":8},"end":{"line":58,"column":54}},"4":{"start":{"line":60,"column":8},"end":{"line":60,"column":36}},"5":{"start":{"line":61,"column":8},"end":{"line":61,"column":46}},"6":{"start":{"line":62,"column":8},"end":{"line":62,"column":49}},"7":{"start":{"line":63,"column":8},"end":{"line":63,"column":49}},"8":{"start":{"line":65,"column":8},"end":{"line":65,"column":2586}},"9":{"start":{"line":66,"column":12},"end":{"line":66,"column":75}},"10":{"start":{"line":67,"column":12},"end":{"line":67,"column":2707}},"11":{"start":{"line":68,"column":16},"end":{"line":68,"column":70}},"12":{"start":{"line":72,"column":16},"end":{"line":72,"column":79}},"13":{"start":{"line":73,"column":16},"end":{"line":73,"column":70}},"14":{"start":{"line":83,"column":8},"end":{"line":83,"column":50}},"15":{"start":{"line":84,"column":8},"end":{"line":84,"column":50}},"16":{"start":{"line":86,"column":8},"end":{"line":86,"column":35}},"17":{"start":{"line":87,"column":8},"end":{"line":87,"column":49}},"18":{"start":{"line":88,"column":8},"end":{"line":88,"column":49}},"19":{"start":{"line":91,"column":8},"end":{"line":91,"column":27}},"20":{"start":{"line":113,"column":8},"end":{"line":113,"column":39}},"21":{"start":{"line":114,"column":8},"end":{"line":114,"column":39}},"22":{"start":{"line":115,"column":8},"end":{"line":115,"column":4697}},"23":{"start":{"line":120,"column":8},"end":{"line":120,"column":54}},"24":{"start":{"line":122,"column":8},"end":{"line":122,"column":36}},"25":{"start":{"line":123,"column":8},"end":{"line":123,"column":47}},"26":{"start":{"line":124,"column":8},"end":{"line":124,"column":58}},"27":{"start":{"line":125,"column":8},"end":{"line":125,"column":58}},"28":{"start":{"line":130,"column":8},"end":{"line":130,"column":50}},"29":{"start":{"line":131,"column":8},"end":{"line":131,"column":50}},"30":{"start":{"line":133,"column":8},"end":{"line":133,"column":35}},"31":{"start":{"line":134,"column":8},"end":{"line":134,"column":44}},"32":{"start":{"line":135,"column":8},"end":{"line":135,"column":44}},"33":{"start":{"line":151,"column":8},"end":{"line":151,"column":54}},"34":{"start":{"line":152,"column":8},"end":{"line":152,"column":48}},"35":{"start":{"line":154,"column":8},"end":{"line":154,"column":40}},"36":{"start":{"line":155,"column":8},"end":{"line":155,"column":41}},"37":{"start":{"line":157,"column":8},"end":{"line":157,"column":36}},"38":{"start":{"line":158,"column":8},"end":{"line":158,"column":51}},"39":{"start":{"line":159,"column":8},"end":{"line":159,"column":53}},"40":{"start":{"line":161,"column":8},"end":{"line":161,"column":73}},"41":{"start":{"line":162,"column":8},"end":{"line":162,"column":59}},"42":{"start":{"line":164,"column":8},"end":{"line":164,"column":55}},"43":{"start":{"line":165,"column":8},"end":{"line":165,"column":39}},"44":{"start":{"line":171,"column":8},"end":{"line":171,"column":36}},"45":{"start":{"line":172,"column":8},"end":{"line":172,"column":49}},"46":{"start":{"line":173,"column":8},"end":{"line":173,"column":49}},"47":{"start":{"line":175,"column":8},"end":{"line":175,"column":60}},"48":{"start":{"line":190,"column":8},"end":{"line":190,"column":42}},"49":{"start":{"line":191,"column":8},"end":{"line":191,"column":63}},"50":{"start":{"line":199,"column":8},"end":{"line":199,"column":8118}},"51":{"start":{"line":201,"column":12},"end":{"line":201,"column":33}},"52":{"start":{"line":202,"column":12},"end":{"line":202,"column":8204}},"53":{"start":{"line":206,"column":15},"end":{"line":206,"column":8309}}},"branchMap":{"1":{"line":24,"type":"if","locations":[{"start":{"line":24,"column":8},"end":{"line":24,"column":8}},{"start":{"line":24,"column":8},"end":{"line":24,"column":8}}]},"2":{"line":53,"type":"if","locations":[{"start":{"line":53,"column":8},"end":{"line":53,"column":8}},{"start":{"line":53,"column":8},"end":{"line":53,"column":8}}]},"3":{"line":58,"type":"if","locations":[{"start":{"line":58,"column":8},"end":{"line":58,"column":8}},{"start":{"line":58,"column":8},"end":{"line":58,"column":8}}]},"4":{"line":65,"type":"if","locations":[{"start":{"line":65,"column":8},"end":{"line":65,"column":8}},{"start":{"line":65,"column":8},"end":{"line":65,"column":8}}]},"5":{"line":67,"type":"if","locations":[{"start":{"line":67,"column":12},"end":{"line":67,"column":12}},{"start":{"line":67,"column":12},"end":{"line":67,"column":12}}]},"6":{"line":68,"type":"if","locations":[{"start":{"line":68,"column":16},"end":{"line":68,"column":16}},{"start":{"line":68,"column":16},"end":{"line":68,"column":16}}]},"7":{"line":73,"type":"if","locations":[{"start":{"line":73,"column":16},"end":{"line":73,"column":16}},{"start":{"line":73,"column":16},"end":{"line":73,"column":16}}]},"8":{"line":83,"type":"if","locations":[{"start":{"line":83,"column":8},"end":{"line":83,"column":8}},{"start":{"line":83,"column":8},"end":{"line":83,"column":8}}]},"9":{"line":84,"type":"if","locations":[{"start":{"line":84,"column":8},"end":{"line":84,"column":8}},{"start":{"line":84,"column":8},"end":{"line":84,"column":8}}]},"10":{"line":90,"type":"if","locations":[{"start":{"line":90,"column":36},"end":{"line":90,"column":44}},{"start":{"line":90,"column":48},"end":{"line":90,"column":70}}]},"11":{"line":115,"type":"if","locations":[{"start":{"line":115,"column":8},"end":{"line":115,"column":8}},{"start":{"line":115,"column":8},"end":{"line":115,"column":8}}]},"12":{"line":120,"type":"if","locations":[{"start":{"line":120,"column":8},"end":{"line":120,"column":8}},{"start":{"line":120,"column":8},"end":{"line":120,"column":8}}]},"13":{"line":130,"type":"if","locations":[{"start":{"line":130,"column":8},"end":{"line":130,"column":8}},{"start":{"line":130,"column":8},"end":{"line":130,"column":8}}]},"14":{"line":131,"type":"if","locations":[{"start":{"line":131,"column":8},"end":{"line":131,"column":8}},{"start":{"line":131,"column":8},"end":{"line":131,"column":8}}]},"15":{"line":151,"type":"if","locations":[{"start":{"line":151,"column":8},"end":{"line":151,"column":8}},{"start":{"line":151,"column":8},"end":{"line":151,"column":8}}]},"16":{"line":152,"type":"if","locations":[{"start":{"line":152,"column":8},"end":{"line":152,"column":8}},{"start":{"line":152,"column":8},"end":{"line":152,"column":8}}]},"17":{"line":162,"type":"if","locations":[{"start":{"line":162,"column":8},"end":{"line":162,"column":8}},{"start":{"line":162,"column":8},"end":{"line":162,"column":8}}]},"18":{"line":175,"type":"if","locations":[{"start":{"line":175,"column":8},"end":{"line":175,"column":8}},{"start":{"line":175,"column":8},"end":{"line":175,"column":8}}]},"19":{"line":190,"type":"if","locations":[{"start":{"line":190,"column":8},"end":{"line":190,"column":8}},{"start":{"line":190,"column":8},"end":{"line":190,"column":8}}]},"20":{"line":191,"type":"if","locations":[{"start":{"line":191,"column":8},"end":{"line":191,"column":8}},{"start":{"line":191,"column":8},"end":{"line":191,"column":8}}]},"21":{"line":199,"type":"if","locations":[{"start":{"line":199,"column":8},"end":{"line":199,"column":8}},{"start":{"line":199,"column":8},"end":{"line":199,"column":8}}]},"22":{"line":206,"type":"if","locations":[{"start":{"line":206,"column":15},"end":{"line":206,"column":15}},{"start":{"line":206,"column":15},"end":{"line":206,"column":15}}]}}},"contracts\\TestERC20.sol":{"l":{"19":46,"28":44},"path":"C:\\Users\\Mateo\\Documents\\GitHub\\ETH Kipu\\simpleSwapFront\\contracts\\TestERC20.sol","s":{"1":46,"2":44},"b":{},"f":{"1":46,"2":44},"fnMap":{"1":{"name":"constructor","line":16,"loc":{"start":{"line":16,"column":4},"end":{"line":20,"column":4}}},"2":{"name":"mint","line":27,"loc":{"start":{"line":27,"column":4},"end":{"line":29,"column":4}}}},"statementMap":{"1":{"start":{"line":19,"column":8},"end":{"line":19,"column":44}},"2":{"start":{"line":28,"column":8},"end":{"line":28,"column":24}}},"branchMap":{}}}