{"contracts\\SimpleSwap.sol":{"l":{"26":30,"27":29,"28":29,"66":23,"71":22,"73":21,"74":21,"75":21,"76":21,"79":21,"81":3,"82":3,"84":2,"85":2,"86":2,"89":1,"90":1,"91":1,"92":1,"96":18,"97":18,"99":18,"103":21,"104":20,"106":19,"108":19,"109":19,"112":19,"114":19,"139":5,"144":4,"146":3,"147":3,"148":3,"149":3,"152":3,"153":3,"156":3,"157":2,"160":1,"163":1,"164":1,"184":5,"186":4,"188":3,"189":3,"192":3,"199":2,"202":1,"204":1,"219":4,"225":3,"226":3,"227":3,"230":3,"233":2,"251":8,"252":7,"253":4,"261":19,"262":19,"263":19,"264":19,"265":1352,"266":1352,"269":0},"path":"C:\\Users\\Mateo\\Documents\\GitHub\\ETH Kipu\\sWF2\\simpleSwapFront\\contracts\\SimpleSwap.sol","s":{"1":30,"2":23,"3":22,"4":21,"5":21,"6":21,"7":21,"8":21,"9":3,"10":3,"11":2,"12":1,"13":1,"14":21,"15":20,"16":19,"17":19,"18":19,"19":19,"20":5,"21":4,"22":3,"23":3,"24":3,"25":3,"26":3,"27":2,"28":1,"29":1,"30":1,"31":5,"32":4,"33":3,"34":3,"35":3,"36":2,"37":1,"38":1,"39":4,"40":3,"41":3,"42":3,"43":3,"44":8,"45":7,"46":19,"47":19,"48":19,"49":0},"b":{"1":[29,1],"2":[22,1],"3":[21,1],"4":[3,18],"5":[2,1],"6":[2,0],"7":[1,0],"8":[20,1],"9":[19,1],"10":[18,1],"11":[4,1],"12":[3,1],"13":[2,1],"14":[1,1],"15":[4,1],"16":[3,1],"17":[1,1],"18":[3,1],"19":[2,1],"20":[2,1],"21":[1,1],"22":[7,1],"23":[4,3],"24":[19,0],"25":[0,0]},"f":{"1":30,"2":23,"3":5,"4":5,"5":4,"6":8,"7":19},"fnMap":{"1":{"name":"constructor","line":24,"loc":{"start":{"line":23,"column":4},"end":{"line":29,"column":4}}},"2":{"name":"addLiquidity","line":48,"loc":{"start":{"line":48,"column":4},"end":{"line":115,"column":4}}},"3":{"name":"removeLiquidity","line":129,"loc":{"start":{"line":129,"column":4},"end":{"line":165,"column":4}}},"4":{"name":"swapExactTokensForTokens","line":176,"loc":{"start":{"line":176,"column":4},"end":{"line":205,"column":4}}},"5":{"name":"getPrice","line":213,"loc":{"start":{"line":213,"column":4},"end":{"line":236,"column":4}}},"6":{"name":"getAmountOut","line":246,"loc":{"start":{"line":246,"column":4},"end":{"line":254,"column":4}}},"7":{"name":"sqrt","line":260,"loc":{"start":{"line":260,"column":4},"end":{"line":271,"column":4}}}},"statementMap":{"1":{"start":{"line":26,"column":8},"end":{"line":26,"column":54}},"2":{"start":{"line":66,"column":8},"end":{"line":66,"column":3410}},"3":{"start":{"line":71,"column":8},"end":{"line":71,"column":54}},"4":{"start":{"line":73,"column":8},"end":{"line":73,"column":36}},"5":{"start":{"line":74,"column":8},"end":{"line":74,"column":46}},"6":{"start":{"line":75,"column":8},"end":{"line":75,"column":49}},"7":{"start":{"line":76,"column":8},"end":{"line":76,"column":49}},"8":{"start":{"line":79,"column":8},"end":{"line":79,"column":4003}},"9":{"start":{"line":81,"column":12},"end":{"line":81,"column":75}},"10":{"start":{"line":82,"column":12},"end":{"line":82,"column":4217}},"11":{"start":{"line":84,"column":16},"end":{"line":84,"column":70}},"12":{"start":{"line":89,"column":16},"end":{"line":89,"column":79}},"13":{"start":{"line":90,"column":16},"end":{"line":90,"column":70}},"14":{"start":{"line":103,"column":8},"end":{"line":103,"column":50}},"15":{"start":{"line":104,"column":8},"end":{"line":104,"column":50}},"16":{"start":{"line":106,"column":8},"end":{"line":106,"column":35}},"17":{"start":{"line":108,"column":8},"end":{"line":108,"column":49}},"18":{"start":{"line":109,"column":8},"end":{"line":109,"column":49}},"19":{"start":{"line":114,"column":8},"end":{"line":114,"column":27}},"20":{"start":{"line":139,"column":8},"end":{"line":139,"column":7109}},"21":{"start":{"line":144,"column":8},"end":{"line":144,"column":54}},"22":{"start":{"line":146,"column":8},"end":{"line":146,"column":36}},"23":{"start":{"line":147,"column":8},"end":{"line":147,"column":46}},"24":{"start":{"line":148,"column":8},"end":{"line":148,"column":49}},"25":{"start":{"line":149,"column":8},"end":{"line":149,"column":49}},"26":{"start":{"line":156,"column":8},"end":{"line":156,"column":50}},"27":{"start":{"line":157,"column":8},"end":{"line":157,"column":50}},"28":{"start":{"line":160,"column":8},"end":{"line":160,"column":35}},"29":{"start":{"line":163,"column":8},"end":{"line":163,"column":35}},"30":{"start":{"line":164,"column":8},"end":{"line":164,"column":35}},"31":{"start":{"line":184,"column":8},"end":{"line":184,"column":54}},"32":{"start":{"line":186,"column":8},"end":{"line":186,"column":48}},"33":{"start":{"line":188,"column":8},"end":{"line":188,"column":40}},"34":{"start":{"line":189,"column":8},"end":{"line":189,"column":41}},"35":{"start":{"line":192,"column":8},"end":{"line":192,"column":9733}},"36":{"start":{"line":199,"column":8},"end":{"line":199,"column":59}},"37":{"start":{"line":202,"column":8},"end":{"line":202,"column":64}},"38":{"start":{"line":204,"column":8},"end":{"line":204,"column":39}},"39":{"start":{"line":219,"column":8},"end":{"line":219,"column":11064}},"40":{"start":{"line":225,"column":8},"end":{"line":225,"column":36}},"41":{"start":{"line":226,"column":8},"end":{"line":226,"column":49}},"42":{"start":{"line":227,"column":8},"end":{"line":227,"column":49}},"43":{"start":{"line":230,"column":8},"end":{"line":230,"column":60}},"44":{"start":{"line":251,"column":8},"end":{"line":251,"column":42}},"45":{"start":{"line":252,"column":8},"end":{"line":252,"column":63}},"46":{"start":{"line":261,"column":8},"end":{"line":261,"column":13292}},"47":{"start":{"line":263,"column":12},"end":{"line":263,"column":33}},"48":{"start":{"line":264,"column":12},"end":{"line":264,"column":13378}},"49":{"start":{"line":268,"column":15},"end":{"line":268,"column":13483}}},"branchMap":{"1":{"line":26,"type":"if","locations":[{"start":{"line":26,"column":8},"end":{"line":26,"column":8}},{"start":{"line":26,"column":8},"end":{"line":26,"column":8}}]},"2":{"line":66,"type":"if","locations":[{"start":{"line":66,"column":8},"end":{"line":66,"column":8}},{"start":{"line":66,"column":8},"end":{"line":66,"column":8}}]},"3":{"line":71,"type":"if","locations":[{"start":{"line":71,"column":8},"end":{"line":71,"column":8}},{"start":{"line":71,"column":8},"end":{"line":71,"column":8}}]},"4":{"line":79,"type":"if","locations":[{"start":{"line":79,"column":8},"end":{"line":79,"column":8}},{"start":{"line":79,"column":8},"end":{"line":79,"column":8}}]},"5":{"line":82,"type":"if","locations":[{"start":{"line":82,"column":12},"end":{"line":82,"column":12}},{"start":{"line":82,"column":12},"end":{"line":82,"column":12}}]},"6":{"line":84,"type":"if","locations":[{"start":{"line":84,"column":16},"end":{"line":84,"column":16}},{"start":{"line":84,"column":16},"end":{"line":84,"column":16}}]},"7":{"line":90,"type":"if","locations":[{"start":{"line":90,"column":16},"end":{"line":90,"column":16}},{"start":{"line":90,"column":16},"end":{"line":90,"column":16}}]},"8":{"line":103,"type":"if","locations":[{"start":{"line":103,"column":8},"end":{"line":103,"column":8}},{"start":{"line":103,"column":8},"end":{"line":103,"column":8}}]},"9":{"line":104,"type":"if","locations":[{"start":{"line":104,"column":8},"end":{"line":104,"column":8}},{"start":{"line":104,"column":8},"end":{"line":104,"column":8}}]},"10":{"line":112,"type":"if","locations":[{"start":{"line":112,"column":36},"end":{"line":112,"column":44}},{"start":{"line":112,"column":48},"end":{"line":112,"column":70}}]},"11":{"line":139,"type":"if","locations":[{"start":{"line":139,"column":8},"end":{"line":139,"column":8}},{"start":{"line":139,"column":8},"end":{"line":139,"column":8}}]},"12":{"line":144,"type":"if","locations":[{"start":{"line":144,"column":8},"end":{"line":144,"column":8}},{"start":{"line":144,"column":8},"end":{"line":144,"column":8}}]},"13":{"line":156,"type":"if","locations":[{"start":{"line":156,"column":8},"end":{"line":156,"column":8}},{"start":{"line":156,"column":8},"end":{"line":156,"column":8}}]},"14":{"line":157,"type":"if","locations":[{"start":{"line":157,"column":8},"end":{"line":157,"column":8}},{"start":{"line":157,"column":8},"end":{"line":157,"column":8}}]},"15":{"line":184,"type":"if","locations":[{"start":{"line":184,"column":8},"end":{"line":184,"column":8}},{"start":{"line":184,"column":8},"end":{"line":184,"column":8}}]},"16":{"line":186,"type":"if","locations":[{"start":{"line":186,"column":8},"end":{"line":186,"column":8}},{"start":{"line":186,"column":8},"end":{"line":186,"column":8}}]},"17":{"line":199,"type":"if","locations":[{"start":{"line":199,"column":8},"end":{"line":199,"column":8}},{"start":{"line":199,"column":8},"end":{"line":199,"column":8}}]},"18":{"line":219,"type":"if","locations":[{"start":{"line":219,"column":8},"end":{"line":219,"column":8}},{"start":{"line":219,"column":8},"end":{"line":219,"column":8}}]},"19":{"line":220,"type":"cond-expr","locations":[{"start":{"line":220,"column":12},"end":{"line":220,"column":69}},{"start":{"line":221,"column":16},"end":{"line":221,"column":73}}]},"20":{"line":230,"type":"if","locations":[{"start":{"line":230,"column":8},"end":{"line":230,"column":8}},{"start":{"line":230,"column":8},"end":{"line":230,"column":8}}]},"21":{"line":234,"type":"if","locations":[{"start":{"line":234,"column":14},"end":{"line":234,"column":41}},{"start":{"line":235,"column":14},"end":{"line":235,"column":41}}]},"22":{"line":251,"type":"if","locations":[{"start":{"line":251,"column":8},"end":{"line":251,"column":8}},{"start":{"line":251,"column":8},"end":{"line":251,"column":8}}]},"23":{"line":252,"type":"if","locations":[{"start":{"line":252,"column":8},"end":{"line":252,"column":8}},{"start":{"line":252,"column":8},"end":{"line":252,"column":8}}]},"24":{"line":261,"type":"if","locations":[{"start":{"line":261,"column":8},"end":{"line":261,"column":8}},{"start":{"line":261,"column":8},"end":{"line":261,"column":8}}]},"25":{"line":268,"type":"if","locations":[{"start":{"line":268,"column":15},"end":{"line":268,"column":15}},{"start":{"line":268,"column":15},"end":{"line":268,"column":15}}]}}},"contracts\\TestERC20.sol":{"l":{"19":57,"28":54},"path":"C:\\Users\\Mateo\\Documents\\GitHub\\ETH Kipu\\sWF2\\simpleSwapFront\\contracts\\TestERC20.sol","s":{"1":57,"2":54},"b":{},"f":{"1":57,"2":54},"fnMap":{"1":{"name":"constructor","line":16,"loc":{"start":{"line":16,"column":4},"end":{"line":20,"column":4}}},"2":{"name":"mint","line":27,"loc":{"start":{"line":27,"column":4},"end":{"line":29,"column":4}}}},"statementMap":{"1":{"start":{"line":19,"column":8},"end":{"line":19,"column":44}},"2":{"start":{"line":28,"column":8},"end":{"line":28,"column":24}}},"branchMap":{}}}