{
"contracts\\SimpleSwap.sol":{"l":{"20":0,"21":0,"22":0,"37":0,"38":0,"40":0,"42":0,"44":0,"45":0,"47":0,"48":0,"49":0,"50":0,"51":0,"53":0,"54":0,"55":0,"56":0,"60":0,"61":0,"62":0,"65":0,"66":0,"68":0,"69":0,"71":0,"72":0,"86":0,"87":0,"89":0,"90":0,"91":0,"94":0,"95":0,"97":0,"98":0,"100":0,"102":0,"103":0,"115":0,"116":0,"118":0,"119":0,"121":0,"122":0,"124":0,"125":0,"127":0,"128":0,"134":0,"136":0,"137":0,"139":0,"141":0,"142":0,"144":0,"151":0,"152":0,"153":0,"159":0,"160":0,"161":0,"162":0,"163":0,"164":0,"167":0},"path":"C:\\Users\\Mateo\\Documents\\GitHub\\ETH Kipu\\simpleSwapFront\\contracts\\SimpleSwap.sol","s":{"1":0,"2":0,"3":0,"4":0,"5":0,"6":0,"7":0,"8":0,"9":0,"10":0,"11":0,"12":0,"13":0,"14":0,"15":0,"16":0,"17":0,"18":0,"19":0,"20":0,"21":0,"22":0,"23":0,"24":0,"25":0,"26":0,"27":0,"28":0,"29":0,"30":0,"31":0,"32":0,"33":0,"34":0,"35":0,"36":0,"37":0,"38":0,"39":0,"40":0,"41":0,"42":0,"43":0,"44":0,"45":0,"46":0,"47":0,"48":0},"b":{"1":[0,0],"2":[0,0],"3":[0,0],"4":[0,0],"5":[0,0],"6":[0,0],"7":[0,0],"8":[0,0],"9":[0,0],"10":[0,0],"11":[0,0],"12":[0,0],"13":[0,0],"14":[0,0],"15":[0,0],"16":[0,0],"17":[0,0],"18":[0,0],"19":[0,0],"20":[0,0],"21":[0,0],"22":[0,0],"23":[0,0],"24":[0,0],"25":[0,0]},"f":{"1":0,"2":0,"3":0,"4":0,"5":0,"6":0,"7":0},"fnMap":{"1":{"name":"constructor","line":19,"loc":{"start":{"line":19,"column":4},"end":{"line":23,"column":4}}},"2":{"name":"addLiquidity","line":27,"loc":{"start":{"line":27,"column":4},"end":{"line":73,"column":4}}},"3":{"name":"removeLiquidity","line":77,"loc":{"start":{"line":77,"column":4},"end":{"line":104,"column":4}}},"4":{"name":"swapExactTokensForTokens","line":108,"loc":{"start":{"line":108,"column":4},"end":{"line":129,"column":4}}},"5":{"name":"getPrice","line":133,"loc":{"start":{"line":133,"column":4},"end":{"line":146,"column":4}}},"6":{"name":"getAmountOut","line":150,"loc":{"start":{"line":150,"column":4},"end":{"line":154,"column":4}}},"7":{"name":"sqrt","line":158,"loc":{"start":{"line":158,"column":4},"end":{"line":169,"column":4}}}},"statementMap":{"1":{"start":{"line":20,"column":8},"end":{"line":20,"column":54}},"2":{"start":{"line":37,"column":8},"end":{"line":37,"column":90}},"3":{"start":{"line":38,"column":8},"end":{"line":38,"column":54}},"4":{"start":{"line":40,"column":8},"end":{"line":40,"column":46}},"5":{"start":{"line":42,"column":8},"end":{"line":42,"column":1574}},"6":{"start":{"line":44,"column":12},"end":{"line":44,"column":62}},"7":{"start":{"line":45,"column":12},"end":{"line":45,"column":62}},"8":{"start":{"line":47,"column":12},"end":{"line":47,"column":75}},"9":{"start":{"line":48,"column":12},"end":{"line":48,"column":1895}},"10":{"start":{"line":49,"column":16},"end":{"line":49,"column":70}},"11":{"start":{"line":53,"column":16},"end":{"line":53,"column":79}},"12":{"start":{"line":54,"column":16},"end":{"line":54,"column":70}},"13":{"start":{"line":65,"column":8},"end":{"line":65,"column":50}},"14":{"start":{"line":66,"column":8},"end":{"line":66,"column":50}},"15":{"start":{"line":68,"column":8},"end":{"line":68,"column":62}},"16":{"start":{"line":69,"column":8},"end":{"line":69,"column":62}},"17":{"start":{"line":72,"column":8},"end":{"line":72,"column":27}},"18":{"start":{"line":86,"column":8},"end":{"line":86,"column":90}},"19":{"start":{"line":87,"column":8},"end":{"line":87,"column":54}},"20":{"start":{"line":89,"column":8},"end":{"line":89,"column":46}},"21":{"start":{"line":90,"column":8},"end":{"line":90,"column":58}},"22":{"start":{"line":91,"column":8},"end":{"line":91,"column":58}},"23":{"start":{"line":97,"column":8},"end":{"line":97,"column":50}},"24":{"start":{"line":98,"column":8},"end":{"line":98,"column":50}},"25":{"start":{"line":100,"column":8},"end":{"line":100,"column":35}},"26":{"start":{"line":102,"column":8},"end":{"line":102,"column":35}},"27":{"start":{"line":103,"column":8},"end":{"line":103,"column":35}},"28":{"start":{"line":115,"column":8},"end":{"line":115,"column":54}},"29":{"start":{"line":116,"column":8},"end":{"line":116,"column":48}},"30":{"start":{"line":118,"column":8},"end":{"line":118,"column":40}},"31":{"start":{"line":119,"column":8},"end":{"line":119,"column":41}},"32":{"start":{"line":121,"column":8},"end":{"line":121,"column":60}},"33":{"start":{"line":122,"column":8},"end":{"line":122,"column":62}},"34":{"start":{"line":124,"column":8},"end":{"line":124,"column":73}},"35":{"start":{"line":125,"column":8},"end":{"line":125,"column":59}},"36":{"start":{"line":127,"column":8},"end":{"line":127,"column":64}},"37":{"start":{"line":128,"column":8},"end":{"line":128,"column":39}},"38":{"start":{"line":134,"column":8},"end":{"line":134,"column":154}},"39":{"start":{"line":136,"column":8},"end":{"line":136,"column":58}},"40":{"start":{"line":137,"column":8},"end":{"line":137,"column":58}},"41":{"start":{"line":139,"column":8},"end":{"line":139,"column":60}},"42":{"start":{"line":141,"column":8},"end":{"line":141,"column":5592}},"43":{"start":{"line":151,"column":8},"end":{"line":151,"column":42}},"44":{"start":{"line":152,"column":8},"end":{"line":152,"column":63}},"45":{"start":{"line":159,"column":8},"end":{"line":159,"column":6393}},"46":{"start":{"line":161,"column":12},"end":{"line":161,"column":33}},"47":{"start":{"line":162,"column":12},"end":{"line":162,"column":6479}},"48":{"start":{"line":166,"column":15},"end":{"line":166,"column":6584}}},"branchMap":{"1":{"line":20,"type":"if","locations":[{"start":{"line":20,"column":8},"end":{"line":20,"column":8}},{"start":{"line":20,"column":8},"end":{"line":20,"column":8}}]},"2":{"line":37,"type":"if","locations":[{"start":{"line":37,"column":8},"end":{"line":37,"column":8}},{"start":{"line":37,"column":8},"end":{"line":37,"column":8}}]},"3":{"line":38,"type":"if","locations":[{"start":{"line":38,"column":8},"end":{"line":38,"column":8}},{"start":{"line":38,"column":8},"end":{"line":38,"column":8}}]},"4":{"line":42,"type":"if","locations":[{"start":{"line":42,"column":8},"end":{"line":42,"column":8}},{"start":{"line":42,"column":8},"end":{"line":42,"column":8}}]},"5":{"line":48,"type":"if","locations":[{"start":{"line":48,"column":12},"end":{"line":48,"column":12}},{"start":{"line":48,"column":12},"end":{"line":48,"column":12}}]},"6":{"line":49,"type":"if","locations":[{"start":{"line":49,"column":16},"end":{"line":49,"column":16}},{"start":{"line":49,"column":16},"end":{"line":49,"column":16}}]},"7":{"line":54,"type":"if","locations":[{"start":{"line":54,"column":16},"end":{"line":54,"column":16}},{"start":{"line":54,"column":16},"end":{"line":54,"column":16}}]},"8":{"line":65,"type":"if","locations":[{"start":{"line":65,"column":8},"end":{"line":65,"column":8}},{"start":{"line":65,"column":8},"end":{"line":65,"column":8}}]},"9":{"line":66,"type":"if","locations":[{"start":{"line":66,"column":8},"end":{"line":66,"column":8}},{"start":{"line":66,"column":8},"end":{"line":66,"column":8}}]},"10":{"line":71,"type":"if","locations":[{"start":{"line":71,"column":36},"end":{"line":71,"column":44}},{"start":{"line":71,"column":48},"end":{"line":71,"column":70}}]},"11":{"line":86,"type":"if","locations":[{"start":{"line":86,"column":8},"end":{"line":86,"column":8}},{"start":{"line":86,"column":8},"end":{"line":86,"column":8}}]},"12":{"line":87,"type":"if","locations":[{"start":{"line":87,"column":8},"end":{"line":87,"column":8}},{"start":{"line":87,"column":8},"end":{"line":87,"column":8}}]},"13":{"line":97,"type":"if","locations":[{"start":{"line":97,"column":8},"end":{"line":97,"column":8}},{"start":{"line":97,"column":8},"end":{"line":97,"column":8}}]},"14":{"line":98,"type":"if","locations":[{"start":{"line":98,"column":8},"end":{"line":98,"column":8}},{"start":{"line":98,"column":8},"end":{"line":98,"column":8}}]},"15":{"line":115,"type":"if","locations":[{"start":{"line":115,"column":8},"end":{"line":115,"column":8}},{"start":{"line":115,"column":8},"end":{"line":115,"column":8}}]},"16":{"line":116,"type":"if","locations":[{"start":{"line":116,"column":8},"end":{"line":116,"column":8}},{"start":{"line":116,"column":8},"end":{"line":116,"column":8}}]},"17":{"line":125,"type":"if","locations":[{"start":{"line":125,"column":8},"end":{"line":125,"column":8}},{"start":{"line":125,"column":8},"end":{"line":125,"column":8}}]},"18":{"line":134,"type":"if","locations":[{"start":{"line":134,"column":8},"end":{"line":134,"column":8}},{"start":{"line":134,"column":8},"end":{"line":134,"column":8}}]},"19":{"line":134,"type":"cond-expr","locations":[{"start":{"line":134,"column":16},"end":{"line":134,"column":73}},{"start":{"line":134,"column":78},"end":{"line":134,"column":135}}]},"20":{"line":139,"type":"if","locations":[{"start":{"line":139,"column":8},"end":{"line":139,"column":8}},{"start":{"line":139,"column":8},"end":{"line":139,"column":8}}]},"21":{"line":141,"type":"if","locations":[{"start":{"line":141,"column":8},"end":{"line":141,"column":8}},{"start":{"line":141,"column":8},"end":{"line":141,"column":8}}]},"22":{"line":151,"type":"if","locations":[{"start":{"line":151,"column":8},"end":{"line":151,"column":8}},{"start":{"line":151,"column":8},"end":{"line":151,"column":8}}]},"23":{"line":152,"type":"if","locations":[{"start":{"line":152,"column":8},"end":{"line":152,"column":8}},{"start":{"line":152,"column":8},"end":{"line":152,"column":8}}]},"24":{"line":159,"type":"if","locations":[{"start":{"line":159,"column":8},"end":{"line":159,"column":8}},{"start":{"line":159,"column":8},"end":{"line":159,"column":8}}]},"25":{"line":166,"type":"if","locations":[{"start":{"line":166,"column":15},"end":{"line":166,"column":15}},{"start":{"line":166,"column":15},"end":{"line":166,"column":15}}]}}}}
