TN:
SF:C:\Users\Mateo\Documents\GitHub\ETH Kipu\sWF2\simpleSwapFront\contracts\SimpleSwap.sol
FN:24,constructor
FN:48,addLiquidity
FN:129,removeLiquidity
FN:176,swapExactTokensForTokens
FN:213,getPrice
FN:246,getAmountOut
FN:260,sqrt
FNF:7
FNH:7
FNDA:30,constructor
FNDA:23,addLiquidity
FNDA:5,removeLiquidity
FNDA:5,swapExactTokensForTokens
FNDA:4,getPrice
FNDA:8,getAmountOut
FNDA:19,sqrt
DA:26,30
DA:27,29
DA:28,29
DA:66,23
DA:71,22
DA:73,21
DA:74,21
DA:75,21
DA:76,21
DA:79,21
DA:81,3
DA:82,3
DA:84,2
DA:85,2
DA:86,2
DA:89,1
DA:90,1
DA:91,1
DA:92,1
DA:96,18
DA:97,18
DA:99,18
DA:103,21
DA:104,20
DA:106,19
DA:108,19
DA:109,19
DA:112,19
DA:114,19
DA:139,5
DA:144,4
DA:146,3
DA:147,3
DA:148,3
DA:149,3
DA:152,3
DA:153,3
DA:156,3
DA:157,2
DA:160,1
DA:163,1
DA:164,1
DA:184,5
DA:186,4
DA:188,3
DA:189,3
DA:192,3
DA:199,2
DA:202,1
DA:204,1
DA:219,4
DA:225,3
DA:226,3
DA:227,3
DA:230,3
DA:233,2
DA:251,8
DA:252,7
DA:253,4
DA:261,19
DA:262,19
DA:263,19
DA:264,19
DA:265,1352
DA:266,1352
DA:269,0
LF:66
LH:65
BRDA:26,1,0,29
BRDA:26,1,1,1
BRDA:66,2,0,22
BRDA:66,2,1,1
BRDA:71,3,0,21
BRDA:71,3,1,1
BRDA:79,4,0,3
BRDA:79,4,1,18
BRDA:82,5,0,2
BRDA:82,5,1,1
BRDA:84,6,0,2
BRDA:84,6,1,0
BRDA:90,7,0,1
BRDA:90,7,1,0
BRDA:103,8,0,20
BRDA:103,8,1,1
BRDA:104,9,0,19
BRDA:104,9,1,1
BRDA:112,10,0,18
BRDA:112,10,1,1
BRDA:139,11,0,4
BRDA:139,11,1,1
BRDA:144,12,0,3
BRDA:144,12,1,1
BRDA:156,13,0,2
BRDA:156,13,1,1
BRDA:157,14,0,1
BRDA:157,14,1,1
BRDA:184,15,0,4
BRDA:184,15,1,1
BRDA:186,16,0,3
BRDA:186,16,1,1
BRDA:199,17,0,1
BRDA:199,17,1,1
BRDA:219,18,0,3
BRDA:219,18,1,1
BRDA:220,19,0,2
BRDA:220,19,1,1
BRDA:230,20,0,2
BRDA:230,20,1,1
BRDA:234,21,0,1
BRDA:234,21,1,1
BRDA:251,22,0,7
BRDA:251,22,1,1
BRDA:252,23,0,4
BRDA:252,23,1,3
BRDA:261,24,0,19
BRDA:261,24,1,0
BRDA:268,25,0,0
BRDA:268,25,1,0
BRF:50
BRH:45
end_of_record
TN:
SF:C:\Users\Mateo\Documents\GitHub\ETH Kipu\sWF2\simpleSwapFront\contracts\TestERC20.sol
FN:16,constructor
FN:27,mint
FNF:2
FNH:2
FNDA:57,constructor
FNDA:54,mint
DA:19,57
DA:28,54
LF:2
LH:2
BRF:0
BRH:0
end_of_record
