TN:
SF:C:\Users\Mateo\Documents\GitHub\ETH Kipu\simpleSwapFront\contracts\SimpleSwap.sol
FN:23,constructor
FN:41,addLiquidity
FN:104,removeLiquidity
FN:144,swapExactTokensForTokens
FN:170,getPrice
FN:185,getAmountOut
FN:198,sqrt
FNF:7
FNH:6
FNDA:24,constructor
FNDA:19,addLiquidity
FNDA:5,removeLiquidity
FNDA:5,swapExactTokensForTokens
FNDA:0,getPrice
FNDA:7,getAmountOut
FNDA:15,sqrt
DA:24,24
DA:25,23
DA:26,23
DA:53,19
DA:58,18
DA:60,17
DA:61,17
DA:62,17
DA:63,17
DA:65,17
DA:66,3
DA:67,3
DA:68,2
DA:69,2
DA:70,2
DA:72,1
DA:73,1
DA:74,1
DA:75,1
DA:78,14
DA:79,14
DA:80,14
DA:83,17
DA:84,16
DA:86,15
DA:87,15
DA:88,15
DA:90,15
DA:91,15
DA:113,5
DA:114,5
DA:115,5
DA:120,4
DA:122,3
DA:123,3
DA:124,3
DA:125,3
DA:127,3
DA:128,3
DA:130,3
DA:131,2
DA:133,1
DA:134,1
DA:135,1
DA:151,5
DA:152,4
DA:154,3
DA:155,3
DA:157,3
DA:158,3
DA:159,3
DA:161,3
DA:162,2
DA:164,1
DA:165,1
DA:171,0
DA:172,0
DA:173,0
DA:175,0
DA:177,0
DA:190,7
DA:191,6
DA:192,3
DA:199,15
DA:200,15
DA:201,15
DA:202,15
DA:203,1064
DA:204,1064
DA:207,0
LF:70
LH:64
BRDA:24,1,0,23
BRDA:24,1,1,1
BRDA:53,2,0,18
BRDA:53,2,1,1
BRDA:58,3,0,17
BRDA:58,3,1,1
BRDA:65,4,0,3
BRDA:65,4,1,14
BRDA:67,5,0,2
BRDA:67,5,1,1
BRDA:68,6,0,2
BRDA:68,6,1,0
BRDA:73,7,0,1
BRDA:73,7,1,0
BRDA:83,8,0,16
BRDA:83,8,1,1
BRDA:84,9,0,15
BRDA:84,9,1,1
BRDA:90,10,0,14
BRDA:90,10,1,1
BRDA:115,11,0,4
BRDA:115,11,1,1
BRDA:120,12,0,3
BRDA:120,12,1,1
BRDA:130,13,0,2
BRDA:130,13,1,1
BRDA:131,14,0,1
BRDA:131,14,1,1
BRDA:151,15,0,4
BRDA:151,15,1,1
BRDA:152,16,0,3
BRDA:152,16,1,1
BRDA:162,17,0,1
BRDA:162,17,1,1
BRDA:175,18,0,0
BRDA:175,18,1,0
BRDA:190,19,0,6
BRDA:190,19,1,1
BRDA:191,20,0,3
BRDA:191,20,1,3
BRDA:199,21,0,15
BRDA:199,21,1,0
BRDA:206,22,0,0
BRDA:206,22,1,0
BRF:44
BRH:37
end_of_record
TN:
SF:C:\Users\Mateo\Documents\GitHub\ETH Kipu\simpleSwapFront\contracts\TestERC20.sol
FN:16,constructor
FN:27,mint
FNF:2
FNH:2
FNDA:46,constructor
FNDA:44,mint
DA:19,46
DA:28,44
LF:2
LH:2
BRF:0
BRH:0
end_of_record
